[2019-11-04 21:22:48.734] [exthost] [info] extension host started
[2019-11-04 21:22:48.789] [exthost] [info] ExtensionService#_doActivateExtension redhat.java {"startup":false,"extensionId":{"value":"redhat.java","_lower":"redhat.java"},"activationEvent":"onLanguage:java"}
[2019-11-04 21:22:48.790] [exthost] [info] ExtensionService#loadCommonJSModule file:///home/zero/.vscode-oss/extensions/redhat.java-0.52.0/dist/extension
[2019-11-04 21:22:48.907] [exthost] [info] ExtensionService#_doActivateExtension VisualStudioExptTeam.vscodeintellicode {"startup":false,"extensionId":{"value":"VisualStudioExptTeam.vscodeintellicode","_lower":"visualstudioexptteam.vscodeintellicode"},"activationEvent":"onLanguage:java"}
[2019-11-04 21:22:48.907] [exthost] [info] ExtensionService#loadCommonJSModule file:///home/zero/.vscode-oss/extensions/visualstudioexptteam.vscodeintellicode-1.2.0/dist/intellicode
[2019-11-04 21:22:48.988] [exthost] [info] ExtensionService#_doActivateExtension vscjava.vscode-java-debug {"startup":false,"extensionId":{"value":"vscjava.vscode-java-debug","_lower":"vscjava.vscode-java-debug"},"activationEvent":"onLanguage:java"}
[2019-11-04 21:22:48.988] [exthost] [info] ExtensionService#loadCommonJSModule file:///home/zero/.vscode-oss/extensions/vscjava.vscode-java-debug-0.23.0/dist/extension
[2019-11-04 21:22:49.017] [exthost] [info] ExtensionService#_doActivateExtension vscode.debug-auto-launch {"startup":true,"extensionId":{"value":"vscode.debug-auto-launch","_lower":"vscode.debug-auto-launch"},"activationEvent":"*"}
[2019-11-04 21:22:49.018] [exthost] [info] ExtensionService#loadCommonJSModule file:///usr/lib/code/extensions/debug-auto-launch/dist/extension
[2019-11-04 21:22:49.020] [exthost] [info] ExtensionService#_doActivateExtension vscode.emmet {"startup":true,"extensionId":{"value":"vscode.emmet","_lower":"vscode.emmet"},"activationEvent":"*"}
[2019-11-04 21:22:49.020] [exthost] [info] ExtensionService#loadCommonJSModule file:///usr/lib/code/extensions/emmet/dist/extension
[2019-11-04 21:22:49.048] [exthost] [info] ExtensionService#_doActivateExtension vscode.git {"startup":true,"extensionId":{"value":"vscode.git","_lower":"vscode.git"},"activationEvent":"*"}
[2019-11-04 21:22:49.048] [exthost] [info] ExtensionService#loadCommonJSModule file:///usr/lib/code/extensions/git/dist/main
[2019-11-04 21:22:49.105] [exthost] [info] ExtensionService#_doActivateExtension vscode.merge-conflict {"startup":true,"extensionId":{"value":"vscode.merge-conflict","_lower":"vscode.merge-conflict"},"activationEvent":"*"}
[2019-11-04 21:22:49.105] [exthost] [info] ExtensionService#loadCommonJSModule file:///usr/lib/code/extensions/merge-conflict/dist/extension
[2019-11-04 21:22:49.150] [exthost] [info] eager extensions activated
[2019-11-04 21:22:49.448] [exthost] [error] [redhat.java] provider FAILED
[2019-11-04 21:22:49.450] [exthost] [error] Error: Language client is not ready yet
	at t.LanguageClient.sendRequest (/home/zero/.vscode-oss/extensions/redhat.java-0.52.0/dist/extension.js:1:109565)
	at l.<anonymous> (/home/zero/.vscode-oss/extensions/redhat.java-0.52.0/dist/extension.js:7:27208)
	at Generator.next (<anonymous>)
	at /home/zero/.vscode-oss/extensions/redhat.java-0.52.0/dist/extension.js:7:25748
	at new Promise (<anonymous>)
	at r (/home/zero/.vscode-oss/extensions/redhat.java-0.52.0/dist/extension.js:7:25525)
	at l.provideHover (/home/zero/.vscode-oss/extensions/redhat.java-0.52.0/dist/extension.js:7:26987)
	at o.asPromise (/usr/lib/code/out/vs/workbench/services/extensions/node/extensionHostProcess.js:553:169)
	at Promise (/usr/lib/code/out/vs/workbench/services/extensions/node/extensionHostProcess.js:55:649)
	at new Promise (<anonymous>)
	at Object.t.asPromise (/usr/lib/code/out/vs/workbench/services/extensions/node/extensionHostProcess.js:55:621)
	at w.provideHover (/usr/lib/code/out/vs/workbench/services/extensions/node/extensionHostProcess.js:553:140)
	at _withAdapter.e (/usr/lib/code/out/vs/workbench/services/extensions/node/extensionHostProcess.js:569:653)
	at U._withAdapter (/usr/lib/code/out/vs/workbench/services/extensions/node/extensionHostProcess.js:566:593)
	at U.$provideHover (/usr/lib/code/out/vs/workbench/services/extensions/node/extensionHostProcess.js:569:631)
	at p._doInvokeHandler (/usr/lib/code/out/vs/workbench/services/extensions/node/extensionHostProcess.js:635:275)
	at p._invokeHandler (/usr/lib/code/out/vs/workbench/services/extensions/node/extensionHostProcess.js:634:971)
	at p._receiveRequest (/usr/lib/code/out/vs/workbench/services/extensions/node/extensionHostProcess.js:633:588)
	at p._receiveOneMessage (/usr/lib/code/out/vs/workbench/services/extensions/node/extensionHostProcess.js:632:468)
	at _protocol.onMessage.e (/usr/lib/code/out/vs/workbench/services/extensions/node/extensionHostProcess.js:630:691)
	at l.fire (/usr/lib/code/out/vs/workbench/services/extensions/node/extensionHostProcess.js:50:519)
	at _.fire (/usr/lib/code/out/vs/workbench/services/extensions/node/extensionHostProcess.js:181:274)
	at e.onMessage.e (/usr/lib/code/out/vs/workbench/services/extensions/node/extensionHostProcess.js:787:104)
	at l.fire (/usr/lib/code/out/vs/workbench/services/extensions/node/extensionHostProcess.js:50:519)
	at _.fire (/usr/lib/code/out/vs/workbench/services/extensions/node/extensionHostProcess.js:181:274)
	at t.PersistentProtocol._receiveMessage (/usr/lib/code/out/vs/workbench/services/extensions/node/extensionHostProcess.js:185:629)
	at _socketDisposables.push._socketReader.onMessage.e (/usr/lib/code/out/vs/workbench/services/extensions/node/extensionHostProcess.js:182:824)
	at l.fire (/usr/lib/code/out/vs/workbench/services/extensions/node/extensionHostProcess.js:50:519)
	at p.acceptChunk (/usr/lib/code/out/vs/workbench/services/extensions/node/extensionHostProcess.js:178:588)
	at _register._socket.onData.e (/usr/lib/code/out/vs/workbench/services/extensions/node/extensionHostProcess.js:177:958)
	at Socket.t (/usr/lib/code/out/vs/workbench/services/extensions/node/extensionHostProcess.js:187:68)
	at Socket.emit (events.js:182:13)
	at addChunk (_stream_readable.js:283:12)
	at readableAddChunk (_stream_readable.js:264:11)
	at Socket.Readable.push (_stream_readable.js:219:10)
	at Pipe.onStreamRead [as onread] (internal/stream_base_commons.js:94:17)
[2019-11-04 21:34:12.782] [exthost] [error] [redhat.java] provider FAILED
[2019-11-04 21:34:12.782] [exthost] [error] Error: The request (id: 31, method: 'textDocument/hover') has been cancelled
	at /home/zero/.vscode-oss/extensions/redhat.java-0.52.0/dist/extension.js:1:68555
	at /home/zero/.vscode-oss/extensions/redhat.java-0.52.0/dist/extension.js:1:68849
	at Immediate.G.Y.size.setImmediate (/home/zero/.vscode-oss/extensions/redhat.java-0.52.0/dist/extension.js:1:69210)
	at runCallback (timers.js:694:18)
	at tryOnImmediate (timers.js:665:5)
	at processImmediate (timers.js:647:5)
[2019-11-04 21:37:36.006] [exthost] [error] [redhat.java] provider FAILED
[2019-11-04 21:37:36.006] [exthost] [error] Error: The request (id: 409, method: 'textDocument/hover') has been cancelled
	at /home/zero/.vscode-oss/extensions/redhat.java-0.52.0/dist/extension.js:1:68555
	at /home/zero/.vscode-oss/extensions/redhat.java-0.52.0/dist/extension.js:1:68849
	at Immediate.G.Y.size.setImmediate (/home/zero/.vscode-oss/extensions/redhat.java-0.52.0/dist/extension.js:1:69210)
	at runCallback (timers.js:694:18)
	at tryOnImmediate (timers.js:665:5)
	at processImmediate (timers.js:647:5)
[2019-11-04 21:38:07.738] [exthost] [error] [redhat.java] provider FAILED
[2019-11-04 21:38:07.738] [exthost] [error] Error: The request (id: 436, method: 'textDocument/hover') has been cancelled
	at /home/zero/.vscode-oss/extensions/redhat.java-0.52.0/dist/extension.js:1:68555
	at /home/zero/.vscode-oss/extensions/redhat.java-0.52.0/dist/extension.js:1:68849
	at Immediate.G.Y.size.setImmediate (/home/zero/.vscode-oss/extensions/redhat.java-0.52.0/dist/extension.js:1:69210)
	at runCallback (timers.js:694:18)
	at tryOnImmediate (timers.js:665:5)
	at processImmediate (timers.js:647:5)
[2019-11-04 21:43:23.618] [exthost] [error] [VisualStudioExptTeam.vscodeintellicode] provider FAILED
[2019-11-04 21:43:23.618] [exthost] [error] Error: DisposableStore is missing...
	at T._convertCompletionItem (/usr/lib/code/out/vs/workbench/services/extensions/node/extensionHostProcess.js:560:618)
	at o.asPromise.then.e (/usr/lib/code/out/vs/workbench/services/extensions/node/extensionHostProcess.js:560:248)
[2019-11-04 21:47:21.232] [exthost] [error] [redhat.java] provider FAILED
[2019-11-04 21:47:21.232] [exthost] [error] Error: The request (id: 1599, method: 'textDocument/hover') has been cancelled
	at /home/zero/.vscode-oss/extensions/redhat.java-0.52.0/dist/extension.js:1:68555
	at /home/zero/.vscode-oss/extensions/redhat.java-0.52.0/dist/extension.js:1:68849
	at Immediate.G.Y.size.setImmediate (/home/zero/.vscode-oss/extensions/redhat.java-0.52.0/dist/extension.js:1:69210)
	at runCallback (timers.js:694:18)
	at tryOnImmediate (timers.js:665:5)
	at processImmediate (timers.js:647:5)
[2019-11-04 21:51:56.731] [exthost] [error] [redhat.java] provider FAILED
[2019-11-04 21:51:56.731] [exthost] [error] Error: The request (id: 2146, method: 'textDocument/hover') has been cancelled
	at /home/zero/.vscode-oss/extensions/redhat.java-0.52.0/dist/extension.js:1:68555
	at /home/zero/.vscode-oss/extensions/redhat.java-0.52.0/dist/extension.js:1:68849
	at Immediate.G.Y.size.setImmediate (/home/zero/.vscode-oss/extensions/redhat.java-0.52.0/dist/extension.js:1:69210)
	at runCallback (timers.js:694:18)
	at tryOnImmediate (timers.js:665:5)
	at processImmediate (timers.js:647:5)
[2019-11-04 21:52:52.309] [exthost] [error] [redhat.java] provider FAILED
[2019-11-04 21:52:52.309] [exthost] [error] Error: The request (id: 2275, method: 'textDocument/hover') has been cancelled
	at /home/zero/.vscode-oss/extensions/redhat.java-0.52.0/dist/extension.js:1:68555
	at /home/zero/.vscode-oss/extensions/redhat.java-0.52.0/dist/extension.js:1:68849
	at Immediate.G.Y.size.setImmediate (/home/zero/.vscode-oss/extensions/redhat.java-0.52.0/dist/extension.js:1:69210)
	at runCallback (timers.js:694:18)
	at tryOnImmediate (timers.js:665:5)
	at processImmediate (timers.js:647:5)
[2019-11-04 21:53:32.824] [exthost] [error] [VisualStudioExptTeam.vscodeintellicode] provider FAILED
[2019-11-04 21:53:32.824] [exthost] [error] Error: DisposableStore is missing...
	at T._convertCompletionItem (/usr/lib/code/out/vs/workbench/services/extensions/node/extensionHostProcess.js:560:618)
	at o.asPromise.then.e (/usr/lib/code/out/vs/workbench/services/extensions/node/extensionHostProcess.js:560:248)
[2019-11-04 21:55:09.017] [exthost] [error] [VisualStudioExptTeam.vscodeintellicode] provider FAILED
[2019-11-04 21:55:09.018] [exthost] [error] Error: DisposableStore is missing...
	at T._convertCompletionItem (/usr/lib/code/out/vs/workbench/services/extensions/node/extensionHostProcess.js:560:618)
	at o.asPromise.then.e (/usr/lib/code/out/vs/workbench/services/extensions/node/extensionHostProcess.js:560:248)
[2019-11-04 21:55:09.124] [exthost] [error] [VisualStudioExptTeam.vscodeintellicode] provider FAILED
[2019-11-04 21:55:09.125] [exthost] [error] Error: DisposableStore is missing...
	at T._convertCompletionItem (/usr/lib/code/out/vs/workbench/services/extensions/node/extensionHostProcess.js:560:618)
	at o.asPromise.then.e (/usr/lib/code/out/vs/workbench/services/extensions/node/extensionHostProcess.js:560:248)
[2019-11-04 22:02:03.519] [exthost] [error] [redhat.java] provider FAILED
[2019-11-04 22:02:03.519] [exthost] [error] Error: The request (id: 3060, method: 'textDocument/hover') has been cancelled
	at /home/zero/.vscode-oss/extensions/redhat.java-0.52.0/dist/extension.js:1:68555
	at /home/zero/.vscode-oss/extensions/redhat.java-0.52.0/dist/extension.js:1:68849
	at Immediate.G.Y.size.setImmediate (/home/zero/.vscode-oss/extensions/redhat.java-0.52.0/dist/extension.js:1:69210)
	at runCallback (timers.js:694:18)
	at tryOnImmediate (timers.js:665:5)
	at processImmediate (timers.js:647:5)
[2019-11-04 22:06:49.692] [exthost] [error] [VisualStudioExptTeam.vscodeintellicode] provider FAILED
[2019-11-04 22:06:49.692] [exthost] [error] Error: DisposableStore is missing...
	at T._convertCompletionItem (/usr/lib/code/out/vs/workbench/services/extensions/node/extensionHostProcess.js:560:618)
	at o.asPromise.then.e (/usr/lib/code/out/vs/workbench/services/extensions/node/extensionHostProcess.js:560:248)
[2019-11-04 22:06:56.382] [exthost] [error] [redhat.java] provider FAILED
[2019-11-04 22:06:56.382] [exthost] [error] Error: The request (id: 3375, method: 'textDocument/hover') has been cancelled
	at /home/zero/.vscode-oss/extensions/redhat.java-0.52.0/dist/extension.js:1:68555
	at /home/zero/.vscode-oss/extensions/redhat.java-0.52.0/dist/extension.js:1:68849
	at Immediate.G.Y.size.setImmediate (/home/zero/.vscode-oss/extensions/redhat.java-0.52.0/dist/extension.js:1:69210)
	at runCallback (timers.js:694:18)
	at tryOnImmediate (timers.js:665:5)
	at processImmediate (timers.js:647:5)
[2019-11-04 22:09:05.623] [exthost] [error] [VisualStudioExptTeam.vscodeintellicode] provider FAILED
[2019-11-04 22:09:05.623] [exthost] [error] Error: DisposableStore is missing...
	at T._convertCompletionItem (/usr/lib/code/out/vs/workbench/services/extensions/node/extensionHostProcess.js:560:618)
	at o.asPromise.then.e (/usr/lib/code/out/vs/workbench/services/extensions/node/extensionHostProcess.js:560:248)
[2019-11-04 22:09:05.623] [exthost] [error] [VisualStudioExptTeam.vscodeintellicode] provider FAILED
[2019-11-04 22:09:05.624] [exthost] [error] Error: DisposableStore is missing...
	at T._convertCompletionItem (/usr/lib/code/out/vs/workbench/services/extensions/node/extensionHostProcess.js:560:618)
	at o.asPromise.then.e (/usr/lib/code/out/vs/workbench/services/extensions/node/extensionHostProcess.js:560:248)
[2019-11-04 22:09:05.743] [exthost] [error] [VisualStudioExptTeam.vscodeintellicode] provider FAILED
[2019-11-04 22:09:05.743] [exthost] [error] Error: DisposableStore is missing...
	at T._convertCompletionItem (/usr/lib/code/out/vs/workbench/services/extensions/node/extensionHostProcess.js:560:618)
	at o.asPromise.then.e (/usr/lib/code/out/vs/workbench/services/extensions/node/extensionHostProcess.js:560:248)
[2019-11-04 22:09:11.286] [exthost] [error] [VisualStudioExptTeam.vscodeintellicode] provider FAILED
[2019-11-04 22:09:11.286] [exthost] [error] Error: DisposableStore is missing...
	at T._convertCompletionItem (/usr/lib/code/out/vs/workbench/services/extensions/node/extensionHostProcess.js:560:618)
	at o.asPromise.then.e (/usr/lib/code/out/vs/workbench/services/extensions/node/extensionHostProcess.js:560:248)
[2019-11-04 22:09:11.287] [exthost] [error] [VisualStudioExptTeam.vscodeintellicode] provider FAILED
[2019-11-04 22:09:11.287] [exthost] [error] Error: DisposableStore is missing...
	at T._convertCompletionItem (/usr/lib/code/out/vs/workbench/services/extensions/node/extensionHostProcess.js:560:618)
	at o.asPromise.then.e (/usr/lib/code/out/vs/workbench/services/extensions/node/extensionHostProcess.js:560:248)
[2019-11-04 22:09:11.287] [exthost] [error] [VisualStudioExptTeam.vscodeintellicode] provider FAILED
[2019-11-04 22:09:11.287] [exthost] [error] Error: DisposableStore is missing...
	at T._convertCompletionItem (/usr/lib/code/out/vs/workbench/services/extensions/node/extensionHostProcess.js:560:618)
	at o.asPromise.then.e (/usr/lib/code/out/vs/workbench/services/extensions/node/extensionHostProcess.js:560:248)
[2019-11-04 22:17:19.048] [exthost] [error] [VisualStudioExptTeam.vscodeintellicode] provider FAILED
[2019-11-04 22:17:19.048] [exthost] [error] Error: DisposableStore is missing...
	at T._convertCompletionItem (/usr/lib/code/out/vs/workbench/services/extensions/node/extensionHostProcess.js:560:618)
	at o.asPromise.then.e (/usr/lib/code/out/vs/workbench/services/extensions/node/extensionHostProcess.js:560:248)
[2019-11-04 22:18:54.988] [exthost] [error] [redhat.java] provider FAILED
[2019-11-04 22:18:54.988] [exthost] [error] Error: The request (id: 5008, method: 'textDocument/hover') has been cancelled
	at /home/zero/.vscode-oss/extensions/redhat.java-0.52.0/dist/extension.js:1:68555
	at /home/zero/.vscode-oss/extensions/redhat.java-0.52.0/dist/extension.js:1:68849
	at Immediate.G.Y.size.setImmediate (/home/zero/.vscode-oss/extensions/redhat.java-0.52.0/dist/extension.js:1:69210)
	at runCallback (timers.js:694:18)
	at tryOnImmediate (timers.js:665:5)
	at processImmediate (timers.js:647:5)
[2019-11-04 22:22:30.018] [exthost] [info] ExtensionService#_doActivateExtension vscode.debug-server-ready {"startup":false,"extensionId":{"value":"vscode.debug-server-ready","_lower":"vscode.debug-server-ready"},"activationEvent":"onDebugResolve"}
[2019-11-04 22:22:30.018] [exthost] [info] ExtensionService#loadCommonJSModule file:///usr/lib/code/extensions/debug-server-ready/dist/extension
[2019-11-04 22:23:25.179] [exthost] [error] [redhat.java] provider FAILED
[2019-11-04 22:23:25.180] [exthost] [error] Error: The request (id: 5646, method: 'textDocument/hover') has been cancelled
	at /home/zero/.vscode-oss/extensions/redhat.java-0.52.0/dist/extension.js:1:68555
	at /home/zero/.vscode-oss/extensions/redhat.java-0.52.0/dist/extension.js:1:68849
	at Immediate.G.Y.size.setImmediate (/home/zero/.vscode-oss/extensions/redhat.java-0.52.0/dist/extension.js:1:69210)
	at runCallback (timers.js:694:18)
	at tryOnImmediate (timers.js:665:5)
	at processImmediate (timers.js:647:5)
[2019-11-04 22:37:22.335] [exthost] [error] [redhat.java] provider FAILED
[2019-11-04 22:37:22.336] [exthost] [error] Error: The request (id: 7219, method: 'textDocument/hover') has been cancelled
	at /home/zero/.vscode-oss/extensions/redhat.java-0.52.0/dist/extension.js:1:68555
	at /home/zero/.vscode-oss/extensions/redhat.java-0.52.0/dist/extension.js:1:68849
	at Immediate.G.Y.size.setImmediate (/home/zero/.vscode-oss/extensions/redhat.java-0.52.0/dist/extension.js:1:69210)
	at runCallback (timers.js:694:18)
	at tryOnImmediate (timers.js:665:5)
	at processImmediate (timers.js:647:5)
[2019-11-04 22:37:50.478] [exthost] [error] [redhat.java] provider FAILED
[2019-11-04 22:37:50.479] [exthost] [error] Error: The request (id: 7282, method: 'textDocument/hover') has been cancelled
	at /home/zero/.vscode-oss/extensions/redhat.java-0.52.0/dist/extension.js:1:68555
	at /home/zero/.vscode-oss/extensions/redhat.java-0.52.0/dist/extension.js:1:68849
	at Immediate.G.Y.size.setImmediate (/home/zero/.vscode-oss/extensions/redhat.java-0.52.0/dist/extension.js:1:69210)
	at runCallback (timers.js:694:18)
	at tryOnImmediate (timers.js:665:5)
	at processImmediate (timers.js:647:5)
[2019-11-04 22:38:01.499] [exthost] [error] [redhat.java] provider FAILED
[2019-11-04 22:38:01.500] [exthost] [error] Error: The request (id: 7291, method: 'textDocument/hover') has been cancelled
	at /home/zero/.vscode-oss/extensions/redhat.java-0.52.0/dist/extension.js:1:68555
	at /home/zero/.vscode-oss/extensions/redhat.java-0.52.0/dist/extension.js:1:68849
	at Immediate.G.Y.size.setImmediate (/home/zero/.vscode-oss/extensions/redhat.java-0.52.0/dist/extension.js:1:69210)
	at runCallback (timers.js:694:18)
	at tryOnImmediate (timers.js:665:5)
	at processImmediate (timers.js:647:5)
[2019-11-04 22:41:38.123] [exthost] [error] [redhat.java] provider FAILED
[2019-11-04 22:41:38.124] [exthost] [error] Error: The request (id: 7607, method: 'textDocument/hover') has been cancelled
	at /home/zero/.vscode-oss/extensions/redhat.java-0.52.0/dist/extension.js:1:68555
	at /home/zero/.vscode-oss/extensions/redhat.java-0.52.0/dist/extension.js:1:68849
	at Immediate.G.Y.size.setImmediate (/home/zero/.vscode-oss/extensions/redhat.java-0.52.0/dist/extension.js:1:69210)
	at runCallback (timers.js:694:18)
	at tryOnImmediate (timers.js:665:5)
	at processImmediate (timers.js:647:5)
[2019-11-04 22:42:34.328] [exthost] [error] [redhat.java] provider FAILED
[2019-11-04 22:42:34.329] [exthost] [error] Error: The request (id: 7638, method: 'textDocument/hover') has been cancelled
	at /home/zero/.vscode-oss/extensions/redhat.java-0.52.0/dist/extension.js:1:68555
	at /home/zero/.vscode-oss/extensions/redhat.java-0.52.0/dist/extension.js:1:68849
	at Immediate.G.Y.size.setImmediate (/home/zero/.vscode-oss/extensions/redhat.java-0.52.0/dist/extension.js:1:69210)
	at runCallback (timers.js:694:18)
	at tryOnImmediate (timers.js:665:5)
	at processImmediate (timers.js:647:5)
[2019-11-04 22:42:36.665] [exthost] [error] [redhat.java] provider FAILED
[2019-11-04 22:42:36.665] [exthost] [error] Error: The request (id: 7640, method: 'textDocument/hover') has been cancelled
	at /home/zero/.vscode-oss/extensions/redhat.java-0.52.0/dist/extension.js:1:68555
	at /home/zero/.vscode-oss/extensions/redhat.java-0.52.0/dist/extension.js:1:68849
	at Immediate.G.Y.size.setImmediate (/home/zero/.vscode-oss/extensions/redhat.java-0.52.0/dist/extension.js:1:69210)
	at runCallback (timers.js:694:18)
	at tryOnImmediate (timers.js:665:5)
	at processImmediate (timers.js:647:5)
[2019-11-04 22:49:55.227] [exthost] [error] [redhat.java] provider FAILED
[2019-11-04 22:49:55.228] [exthost] [error] Error: The request (id: 7948, method: 'textDocument/hover') has been cancelled
	at /home/zero/.vscode-oss/extensions/redhat.java-0.52.0/dist/extension.js:1:68555
	at /home/zero/.vscode-oss/extensions/redhat.java-0.52.0/dist/extension.js:1:68849
	at Immediate.G.Y.size.setImmediate (/home/zero/.vscode-oss/extensions/redhat.java-0.52.0/dist/extension.js:1:69210)
	at runCallback (timers.js:694:18)
	at tryOnImmediate (timers.js:665:5)
	at processImmediate (timers.js:647:5)
