[2019-11-04 17:26:44.100] [exthost] [info] extension host started
[2019-11-04 17:26:44.124] [exthost] [info] ExtensionService#_doActivateExtension redhat.java {"startup":false,"extensionId":{"value":"redhat.java","_lower":"redhat.java"},"activationEvent":"onLanguage:java"}
[2019-11-04 17:26:44.125] [exthost] [info] ExtensionService#loadCommonJSModule file:///home/zero/.vscode-oss/extensions/redhat.java-0.52.0/dist/extension
[2019-11-04 17:26:44.199] [exthost] [info] ExtensionService#_doActivateExtension VisualStudioExptTeam.vscodeintellicode {"startup":false,"extensionId":{"value":"VisualStudioExptTeam.vscodeintellicode","_lower":"visualstudioexptteam.vscodeintellicode"},"activationEvent":"onLanguage:java"}
[2019-11-04 17:26:44.199] [exthost] [info] ExtensionService#loadCommonJSModule file:///home/zero/.vscode-oss/extensions/visualstudioexptteam.vscodeintellicode-1.2.0/dist/intellicode
[2019-11-04 17:26:44.283] [exthost] [info] ExtensionService#_doActivateExtension vscjava.vscode-java-debug {"startup":false,"extensionId":{"value":"vscjava.vscode-java-debug","_lower":"vscjava.vscode-java-debug"},"activationEvent":"onLanguage:java"}
[2019-11-04 17:26:44.283] [exthost] [info] ExtensionService#loadCommonJSModule file:///home/zero/.vscode-oss/extensions/vscjava.vscode-java-debug-0.23.0/dist/extension
[2019-11-04 17:26:44.311] [exthost] [info] ExtensionService#_doActivateExtension vscode.debug-auto-launch {"startup":true,"extensionId":{"value":"vscode.debug-auto-launch","_lower":"vscode.debug-auto-launch"},"activationEvent":"*"}
[2019-11-04 17:26:44.311] [exthost] [info] ExtensionService#loadCommonJSModule file:///usr/lib/code/extensions/debug-auto-launch/dist/extension
[2019-11-04 17:26:44.313] [exthost] [info] ExtensionService#_doActivateExtension vscode.emmet {"startup":true,"extensionId":{"value":"vscode.emmet","_lower":"vscode.emmet"},"activationEvent":"*"}
[2019-11-04 17:26:44.313] [exthost] [info] ExtensionService#loadCommonJSModule file:///usr/lib/code/extensions/emmet/dist/extension
[2019-11-04 17:26:44.340] [exthost] [info] ExtensionService#_doActivateExtension vscode.git {"startup":true,"extensionId":{"value":"vscode.git","_lower":"vscode.git"},"activationEvent":"*"}
[2019-11-04 17:26:44.340] [exthost] [info] ExtensionService#loadCommonJSModule file:///usr/lib/code/extensions/git/dist/main
[2019-11-04 17:26:44.394] [exthost] [info] ExtensionService#_doActivateExtension vscode.merge-conflict {"startup":true,"extensionId":{"value":"vscode.merge-conflict","_lower":"vscode.merge-conflict"},"activationEvent":"*"}
[2019-11-04 17:26:44.394] [exthost] [info] ExtensionService#loadCommonJSModule file:///usr/lib/code/extensions/merge-conflict/dist/extension
[2019-11-04 17:26:44.439] [exthost] [info] eager extensions activated
[2019-11-04 17:27:38.056] [exthost] [info] ExtensionService#_doActivateExtension vscode.debug-server-ready {"startup":false,"extensionId":{"value":"vscode.debug-server-ready","_lower":"vscode.debug-server-ready"},"activationEvent":"onDebugResolve"}
[2019-11-04 17:27:38.056] [exthost] [info] ExtensionService#loadCommonJSModule file:///usr/lib/code/extensions/debug-server-ready/dist/extension
[2019-11-04 17:27:38.169] [exthost] [info] ExtensionService#_doActivateExtension ms-vscode.node-debug2 {"startup":false,"extensionId":{"value":"ms-vscode.node-debug","_lower":"ms-vscode.node-debug"},"activationEvent":"onDebugInitialConfigurations"}
[2019-11-04 17:27:38.169] [exthost] [info] ExtensionService#loadCommonJSModule file:///usr/lib/code/extensions/ms-vscode.node-debug2/out/src/extension
[2019-11-04 17:27:38.230] [exthost] [info] ExtensionService#_doActivateExtension ms-vscode.node-debug {"startup":false,"extensionId":{"value":"ms-vscode.node-debug","_lower":"ms-vscode.node-debug"},"activationEvent":"onDebugInitialConfigurations"}
[2019-11-04 17:27:38.230] [exthost] [info] ExtensionService#loadCommonJSModule file:///usr/lib/code/extensions/ms-vscode.node-debug/dist/extension.js
[2019-11-04 17:27:38.826] [exthost] [info] ExtensionService#_doActivateExtension vscode.configuration-editing {"startup":false,"extensionId":{"value":"vscode.configuration-editing","_lower":"vscode.configuration-editing"},"activationEvent":"onLanguage:jsonc"}
[2019-11-04 17:27:38.826] [exthost] [info] ExtensionService#loadCommonJSModule file:///usr/lib/code/extensions/configuration-editing/dist/extension
[2019-11-04 17:27:38.831] [exthost] [info] ExtensionService#_doActivateExtension vscode.json-language-features {"startup":false,"extensionId":{"value":"vscode.json-language-features","_lower":"vscode.json-language-features"},"activationEvent":"onLanguage:jsonc"}
[2019-11-04 17:27:38.831] [exthost] [info] ExtensionService#loadCommonJSModule file:///usr/lib/code/extensions/json-language-features/client/dist/jsonMain
[2019-11-04 17:27:38.869] [exthost] [info] ExtensionService#_doActivateExtension vscode.typescript-language-features {"startup":false,"extensionId":{"value":"vscode.typescript-language-features","_lower":"vscode.typescript-language-features"},"activationEvent":"onLanguage:jsonc"}
[2019-11-04 17:27:38.869] [exthost] [info] ExtensionService#loadCommonJSModule file:///usr/lib/code/extensions/typescript-language-features/dist/extension
[2019-11-04 17:27:52.983] [exthost] [error] [redhat.java] provider FAILED
[2019-11-04 17:27:52.985] [exthost] [error] Error: The request (id: 154, method: 'textDocument/hover') has been cancelled
	at /home/zero/.vscode-oss/extensions/redhat.java-0.52.0/dist/extension.js:1:68555
	at /home/zero/.vscode-oss/extensions/redhat.java-0.52.0/dist/extension.js:1:68849
	at Immediate.G.Y.size.setImmediate (/home/zero/.vscode-oss/extensions/redhat.java-0.52.0/dist/extension.js:1:69210)
	at runCallback (timers.js:694:18)
	at tryOnImmediate (timers.js:665:5)
	at processImmediate (timers.js:647:5)
[2019-11-04 17:39:28.352] [exthost] [error] [redhat.java] provider FAILED
[2019-11-04 17:39:28.352] [exthost] [error] Error: The request (id: 1098, method: 'textDocument/hover') has been cancelled
	at /home/zero/.vscode-oss/extensions/redhat.java-0.52.0/dist/extension.js:1:68555
	at /home/zero/.vscode-oss/extensions/redhat.java-0.52.0/dist/extension.js:1:68849
	at Immediate.G.Y.size.setImmediate (/home/zero/.vscode-oss/extensions/redhat.java-0.52.0/dist/extension.js:1:69210)
	at runCallback (timers.js:694:18)
	at tryOnImmediate (timers.js:665:5)
	at processImmediate (timers.js:647:5)
[2019-11-04 17:41:58.500] [exthost] [error] [redhat.java] provider FAILED
[2019-11-04 17:41:58.500] [exthost] [error] Error: The request (id: 1473, method: 'textDocument/hover') has been cancelled
	at /home/zero/.vscode-oss/extensions/redhat.java-0.52.0/dist/extension.js:1:68555
	at /home/zero/.vscode-oss/extensions/redhat.java-0.52.0/dist/extension.js:1:68849
	at Immediate.G.Y.size.setImmediate (/home/zero/.vscode-oss/extensions/redhat.java-0.52.0/dist/extension.js:1:69210)
	at runCallback (timers.js:694:18)
	at tryOnImmediate (timers.js:665:5)
	at processImmediate (timers.js:647:5)
[2019-11-04 17:42:17.073] [exthost] [error] [redhat.java] provider FAILED
[2019-11-04 17:42:17.073] [exthost] [error] Error: The request (id: 1501, method: 'textDocument/hover') has been cancelled
	at /home/zero/.vscode-oss/extensions/redhat.java-0.52.0/dist/extension.js:1:68555
	at /home/zero/.vscode-oss/extensions/redhat.java-0.52.0/dist/extension.js:1:68849
	at Immediate.G.Y.size.setImmediate (/home/zero/.vscode-oss/extensions/redhat.java-0.52.0/dist/extension.js:1:69210)
	at runCallback (timers.js:694:18)
	at tryOnImmediate (timers.js:665:5)
	at processImmediate (timers.js:647:5)
[2019-11-04 17:45:55.872] [exthost] [error] [redhat.java] provider FAILED
[2019-11-04 17:45:55.872] [exthost] [error] Error: The request (id: 1548, method: 'textDocument/hover') has been cancelled
	at /home/zero/.vscode-oss/extensions/redhat.java-0.52.0/dist/extension.js:1:68555
	at /home/zero/.vscode-oss/extensions/redhat.java-0.52.0/dist/extension.js:1:68849
	at Immediate.G.Y.size.setImmediate (/home/zero/.vscode-oss/extensions/redhat.java-0.52.0/dist/extension.js:1:69210)
	at runCallback (timers.js:694:18)
	at tryOnImmediate (timers.js:665:5)
	at processImmediate (timers.js:647:5)
[2019-11-04 17:54:59.791] [exthost] [error] [redhat.java] provider FAILED
[2019-11-04 17:54:59.791] [exthost] [error] Error: The request (id: 2422, method: 'textDocument/hover') has been cancelled
	at /home/zero/.vscode-oss/extensions/redhat.java-0.52.0/dist/extension.js:1:68555
	at /home/zero/.vscode-oss/extensions/redhat.java-0.52.0/dist/extension.js:1:68849
	at Immediate.G.Y.size.setImmediate (/home/zero/.vscode-oss/extensions/redhat.java-0.52.0/dist/extension.js:1:69210)
	at runCallback (timers.js:694:18)
	at tryOnImmediate (timers.js:665:5)
	at processImmediate (timers.js:647:5)
[2019-11-04 17:55:04.950] [exthost] [error] [redhat.java] provider FAILED
[2019-11-04 17:55:04.950] [exthost] [error] Error: The request (id: 2437, method: 'textDocument/hover') has been cancelled
	at /home/zero/.vscode-oss/extensions/redhat.java-0.52.0/dist/extension.js:1:68555
	at /home/zero/.vscode-oss/extensions/redhat.java-0.52.0/dist/extension.js:1:68849
	at Immediate.G.Y.size.setImmediate (/home/zero/.vscode-oss/extensions/redhat.java-0.52.0/dist/extension.js:1:69210)
	at runCallback (timers.js:694:18)
	at tryOnImmediate (timers.js:665:5)
	at processImmediate (timers.js:647:5)
[2019-11-04 18:04:13.972] [exthost] [info] extension host started
[2019-11-04 18:04:14.018] [exthost] [info] ExtensionService#_doActivateExtension redhat.java {"startup":false,"extensionId":{"value":"redhat.java","_lower":"redhat.java"},"activationEvent":"onLanguage:java"}
[2019-11-04 18:04:14.018] [exthost] [info] ExtensionService#loadCommonJSModule file:///home/zero/.vscode-oss/extensions/redhat.java-0.52.0/dist/extension
[2019-11-04 18:04:14.091] [exthost] [info] ExtensionService#_doActivateExtension VisualStudioExptTeam.vscodeintellicode {"startup":false,"extensionId":{"value":"VisualStudioExptTeam.vscodeintellicode","_lower":"visualstudioexptteam.vscodeintellicode"},"activationEvent":"onLanguage:java"}
[2019-11-04 18:04:14.091] [exthost] [info] ExtensionService#loadCommonJSModule file:///home/zero/.vscode-oss/extensions/visualstudioexptteam.vscodeintellicode-1.2.0/dist/intellicode
[2019-11-04 18:04:14.174] [exthost] [info] ExtensionService#_doActivateExtension vscjava.vscode-java-debug {"startup":false,"extensionId":{"value":"vscjava.vscode-java-debug","_lower":"vscjava.vscode-java-debug"},"activationEvent":"onLanguage:java"}
[2019-11-04 18:04:14.174] [exthost] [info] ExtensionService#loadCommonJSModule file:///home/zero/.vscode-oss/extensions/vscjava.vscode-java-debug-0.23.0/dist/extension
[2019-11-04 18:04:14.200] [exthost] [info] ExtensionService#_doActivateExtension vscode.debug-auto-launch {"startup":true,"extensionId":{"value":"vscode.debug-auto-launch","_lower":"vscode.debug-auto-launch"},"activationEvent":"*"}
[2019-11-04 18:04:14.200] [exthost] [info] ExtensionService#loadCommonJSModule file:///usr/lib/code/extensions/debug-auto-launch/dist/extension
[2019-11-04 18:04:14.203] [exthost] [info] ExtensionService#_doActivateExtension vscode.emmet {"startup":true,"extensionId":{"value":"vscode.emmet","_lower":"vscode.emmet"},"activationEvent":"*"}
[2019-11-04 18:04:14.203] [exthost] [info] ExtensionService#loadCommonJSModule file:///usr/lib/code/extensions/emmet/dist/extension
[2019-11-04 18:04:14.230] [exthost] [info] ExtensionService#_doActivateExtension vscode.git {"startup":true,"extensionId":{"value":"vscode.git","_lower":"vscode.git"},"activationEvent":"*"}
[2019-11-04 18:04:14.230] [exthost] [info] ExtensionService#loadCommonJSModule file:///usr/lib/code/extensions/git/dist/main
[2019-11-04 18:04:14.283] [exthost] [info] ExtensionService#_doActivateExtension vscode.merge-conflict {"startup":true,"extensionId":{"value":"vscode.merge-conflict","_lower":"vscode.merge-conflict"},"activationEvent":"*"}
[2019-11-04 18:04:14.283] [exthost] [info] ExtensionService#loadCommonJSModule file:///usr/lib/code/extensions/merge-conflict/dist/extension
[2019-11-04 18:04:14.324] [exthost] [info] eager extensions activated
[2019-11-04 18:04:40.246] [exthost] [error] [redhat.java] provider FAILED
[2019-11-04 18:04:40.247] [exthost] [error] Error: The request (id: 6, method: 'textDocument/hover') has been cancelled
	at /home/zero/.vscode-oss/extensions/redhat.java-0.52.0/dist/extension.js:1:68555
	at /home/zero/.vscode-oss/extensions/redhat.java-0.52.0/dist/extension.js:1:68849
	at Immediate.G.Y.size.setImmediate (/home/zero/.vscode-oss/extensions/redhat.java-0.52.0/dist/extension.js:1:69210)
	at runCallback (timers.js:694:18)
	at tryOnImmediate (timers.js:665:5)
	at processImmediate (timers.js:647:5)
[2019-11-04 18:04:42.105] [exthost] [info] ExtensionService#_doActivateExtension vscode.debug-server-ready {"startup":false,"extensionId":{"value":"vscode.debug-server-ready","_lower":"vscode.debug-server-ready"},"activationEvent":"onDebugResolve"}
[2019-11-04 18:04:42.105] [exthost] [info] ExtensionService#loadCommonJSModule file:///usr/lib/code/extensions/debug-server-ready/dist/extension
[2019-11-04 18:06:35.262] [exthost] [error] [redhat.java] provider FAILED
[2019-11-04 18:06:35.262] [exthost] [error] Error: The request (id: 109, method: 'textDocument/hover') has been cancelled
	at /home/zero/.vscode-oss/extensions/redhat.java-0.52.0/dist/extension.js:1:68555
	at /home/zero/.vscode-oss/extensions/redhat.java-0.52.0/dist/extension.js:1:68849
	at Immediate.G.Y.size.setImmediate (/home/zero/.vscode-oss/extensions/redhat.java-0.52.0/dist/extension.js:1:69210)
	at runCallback (timers.js:694:18)
	at tryOnImmediate (timers.js:665:5)
	at processImmediate (timers.js:647:5)
[2019-11-04 18:08:19.088] [exthost] [error] [redhat.java] provider FAILED
[2019-11-04 18:08:19.088] [exthost] [error] Error: The request (id: 188, method: 'textDocument/hover') has been cancelled
	at /home/zero/.vscode-oss/extensions/redhat.java-0.52.0/dist/extension.js:1:68555
	at /home/zero/.vscode-oss/extensions/redhat.java-0.52.0/dist/extension.js:1:68849
	at Immediate.G.Y.size.setImmediate (/home/zero/.vscode-oss/extensions/redhat.java-0.52.0/dist/extension.js:1:69210)
	at runCallback (timers.js:694:18)
	at tryOnImmediate (timers.js:665:5)
	at processImmediate (timers.js:647:5)
[2019-11-04 18:20:40.968] [exthost] [error] [redhat.java] provider FAILED
[2019-11-04 18:20:40.969] [exthost] [error] Error: The request (id: 706, method: 'textDocument/hover') has been cancelled
	at /home/zero/.vscode-oss/extensions/redhat.java-0.52.0/dist/extension.js:1:68555
	at /home/zero/.vscode-oss/extensions/redhat.java-0.52.0/dist/extension.js:1:68849
	at Immediate.G.Y.size.setImmediate (/home/zero/.vscode-oss/extensions/redhat.java-0.52.0/dist/extension.js:1:69210)
	at runCallback (timers.js:694:18)
	at tryOnImmediate (timers.js:665:5)
	at processImmediate (timers.js:647:5)
