[2019-11-04 21:22:49.452] [renderer1] [error] Language client is not ready yet: Error: Language client is not ready yet
	at t.LanguageClient.sendRequest (/home/zero/.vscode-oss/extensions/redhat.java-0.52.0/dist/extension.js:1:109565)
	at l.<anonymous> (/home/zero/.vscode-oss/extensions/redhat.java-0.52.0/dist/extension.js:7:27208)
	at Generator.next (<anonymous>)
	at /home/zero/.vscode-oss/extensions/redhat.java-0.52.0/dist/extension.js:7:25748
	at new Promise (<anonymous>)
	at r (/home/zero/.vscode-oss/extensions/redhat.java-0.52.0/dist/extension.js:7:25525)
	at l.provideHover (/home/zero/.vscode-oss/extensions/redhat.java-0.52.0/dist/extension.js:7:26987)
	at o.asPromise (/usr/lib/code/out/vs/workbench/services/extensions/node/extensionHostProcess.js:553:169)
	at Promise (/usr/lib/code/out/vs/workbench/services/extensions/node/extensionHostProcess.js:55:649)
	at new Promise (<anonymous>)
	at Object.t.asPromise (/usr/lib/code/out/vs/workbench/services/extensions/node/extensionHostProcess.js:55:621)
	at w.provideHover (/usr/lib/code/out/vs/workbench/services/extensions/node/extensionHostProcess.js:553:140)
	at _withAdapter.e (/usr/lib/code/out/vs/workbench/services/extensions/node/extensionHostProcess.js:569:653)
	at U._withAdapter (/usr/lib/code/out/vs/workbench/services/extensions/node/extensionHostProcess.js:566:593)
	at U.$provideHover (/usr/lib/code/out/vs/workbench/services/extensions/node/extensionHostProcess.js:569:631)
	at p._doInvokeHandler (/usr/lib/code/out/vs/workbench/services/extensions/node/extensionHostProcess.js:635:275)
	at p._invokeHandler (/usr/lib/code/out/vs/workbench/services/extensions/node/extensionHostProcess.js:634:971)
	at p._receiveRequest (/usr/lib/code/out/vs/workbench/services/extensions/node/extensionHostProcess.js:633:588)
	at p._receiveOneMessage (/usr/lib/code/out/vs/workbench/services/extensions/node/extensionHostProcess.js:632:468)
	at _protocol.onMessage.e (/usr/lib/code/out/vs/workbench/services/extensions/node/extensionHostProcess.js:630:691)
	at l.fire (/usr/lib/code/out/vs/workbench/services/extensions/node/extensionHostProcess.js:50:519)
	at _.fire (/usr/lib/code/out/vs/workbench/services/extensions/node/extensionHostProcess.js:181:274)
	at e.onMessage.e (/usr/lib/code/out/vs/workbench/services/extensions/node/extensionHostProcess.js:787:104)
	at l.fire (/usr/lib/code/out/vs/workbench/services/extensions/node/extensionHostProcess.js:50:519)
	at _.fire (/usr/lib/code/out/vs/workbench/services/extensions/node/extensionHostProcess.js:181:274)
	at t.PersistentProtocol._receiveMessage (/usr/lib/code/out/vs/workbench/services/extensions/node/extensionHostProcess.js:185:629)
	at _socketDisposables.push._socketReader.onMessage.e (/usr/lib/code/out/vs/workbench/services/extensions/node/extensionHostProcess.js:182:824)
	at l.fire (/usr/lib/code/out/vs/workbench/services/extensions/node/extensionHostProcess.js:50:519)
	at p.acceptChunk (/usr/lib/code/out/vs/workbench/services/extensions/node/extensionHostProcess.js:178:588)
	at _register._socket.onData.e (/usr/lib/code/out/vs/workbench/services/extensions/node/extensionHostProcess.js:177:958)
	at Socket.t (/usr/lib/code/out/vs/workbench/services/extensions/node/extensionHostProcess.js:187:68)
	at Socket.emit (events.js:182:13)
	at addChunk (_stream_readable.js:283:12)
	at readableAddChunk (_stream_readable.js:264:11)
	at Socket.Readable.push (_stream_readable.js:219:10)
	at Pipe.onStreamRead [as onread] (internal/stream_base_commons.js:94:17)
[2019-11-04 21:34:12.784] [renderer1] [error] The request (id: 31, method: 'textDocument/hover') has been cancelled: Error: The request (id: 31, method: 'textDocument/hover') has been cancelled
	at /home/zero/.vscode-oss/extensions/redhat.java-0.52.0/dist/extension.js:1:68555
	at /home/zero/.vscode-oss/extensions/redhat.java-0.52.0/dist/extension.js:1:68849
	at Immediate.G.Y.size.setImmediate (/home/zero/.vscode-oss/extensions/redhat.java-0.52.0/dist/extension.js:1:69210)
	at runCallback (timers.js:694:18)
	at tryOnImmediate (timers.js:665:5)
	at processImmediate (timers.js:647:5)
[2019-11-04 21:37:36.008] [renderer1] [error] The request (id: 409, method: 'textDocument/hover') has been cancelled: Error: The request (id: 409, method: 'textDocument/hover') has been cancelled
	at /home/zero/.vscode-oss/extensions/redhat.java-0.52.0/dist/extension.js:1:68555
	at /home/zero/.vscode-oss/extensions/redhat.java-0.52.0/dist/extension.js:1:68849
	at Immediate.G.Y.size.setImmediate (/home/zero/.vscode-oss/extensions/redhat.java-0.52.0/dist/extension.js:1:69210)
	at runCallback (timers.js:694:18)
	at tryOnImmediate (timers.js:665:5)
	at processImmediate (timers.js:647:5)
[2019-11-04 21:38:07.738] [renderer1] [error] The request (id: 436, method: 'textDocument/hover') has been cancelled: Error: The request (id: 436, method: 'textDocument/hover') has been cancelled
	at /home/zero/.vscode-oss/extensions/redhat.java-0.52.0/dist/extension.js:1:68555
	at /home/zero/.vscode-oss/extensions/redhat.java-0.52.0/dist/extension.js:1:68849
	at Immediate.G.Y.size.setImmediate (/home/zero/.vscode-oss/extensions/redhat.java-0.52.0/dist/extension.js:1:69210)
	at runCallback (timers.js:694:18)
	at tryOnImmediate (timers.js:665:5)
	at processImmediate (timers.js:647:5)
[2019-11-04 21:47:21.233] [renderer1] [error] The request (id: 1599, method: 'textDocument/hover') has been cancelled: Error: The request (id: 1599, method: 'textDocument/hover') has been cancelled
	at /home/zero/.vscode-oss/extensions/redhat.java-0.52.0/dist/extension.js:1:68555
	at /home/zero/.vscode-oss/extensions/redhat.java-0.52.0/dist/extension.js:1:68849
	at Immediate.G.Y.size.setImmediate (/home/zero/.vscode-oss/extensions/redhat.java-0.52.0/dist/extension.js:1:69210)
	at runCallback (timers.js:694:18)
	at tryOnImmediate (timers.js:665:5)
	at processImmediate (timers.js:647:5)
[2019-11-04 21:51:56.731] [renderer1] [error] The request (id: 2146, method: 'textDocument/hover') has been cancelled: Error: The request (id: 2146, method: 'textDocument/hover') has been cancelled
	at /home/zero/.vscode-oss/extensions/redhat.java-0.52.0/dist/extension.js:1:68555
	at /home/zero/.vscode-oss/extensions/redhat.java-0.52.0/dist/extension.js:1:68849
	at Immediate.G.Y.size.setImmediate (/home/zero/.vscode-oss/extensions/redhat.java-0.52.0/dist/extension.js:1:69210)
	at runCallback (timers.js:694:18)
	at tryOnImmediate (timers.js:665:5)
	at processImmediate (timers.js:647:5)
[2019-11-04 21:52:52.311] [renderer1] [error] The request (id: 2275, method: 'textDocument/hover') has been cancelled: Error: The request (id: 2275, method: 'textDocument/hover') has been cancelled
	at /home/zero/.vscode-oss/extensions/redhat.java-0.52.0/dist/extension.js:1:68555
	at /home/zero/.vscode-oss/extensions/redhat.java-0.52.0/dist/extension.js:1:68849
	at Immediate.G.Y.size.setImmediate (/home/zero/.vscode-oss/extensions/redhat.java-0.52.0/dist/extension.js:1:69210)
	at runCallback (timers.js:694:18)
	at tryOnImmediate (timers.js:665:5)
	at processImmediate (timers.js:647:5)
[2019-11-04 22:02:03.520] [renderer1] [error] The request (id: 3060, method: 'textDocument/hover') has been cancelled: Error: The request (id: 3060, method: 'textDocument/hover') has been cancelled
	at /home/zero/.vscode-oss/extensions/redhat.java-0.52.0/dist/extension.js:1:68555
	at /home/zero/.vscode-oss/extensions/redhat.java-0.52.0/dist/extension.js:1:68849
	at Immediate.G.Y.size.setImmediate (/home/zero/.vscode-oss/extensions/redhat.java-0.52.0/dist/extension.js:1:69210)
	at runCallback (timers.js:694:18)
	at tryOnImmediate (timers.js:665:5)
	at processImmediate (timers.js:647:5)
[2019-11-04 22:06:56.392] [renderer1] [error] The request (id: 3375, method: 'textDocument/hover') has been cancelled: Error: The request (id: 3375, method: 'textDocument/hover') has been cancelled
	at /home/zero/.vscode-oss/extensions/redhat.java-0.52.0/dist/extension.js:1:68555
	at /home/zero/.vscode-oss/extensions/redhat.java-0.52.0/dist/extension.js:1:68849
	at Immediate.G.Y.size.setImmediate (/home/zero/.vscode-oss/extensions/redhat.java-0.52.0/dist/extension.js:1:69210)
	at runCallback (timers.js:694:18)
	at tryOnImmediate (timers.js:665:5)
	at processImmediate (timers.js:647:5)
[2019-11-04 22:18:54.990] [renderer1] [error] The request (id: 5008, method: 'textDocument/hover') has been cancelled: Error: The request (id: 5008, method: 'textDocument/hover') has been cancelled
	at /home/zero/.vscode-oss/extensions/redhat.java-0.52.0/dist/extension.js:1:68555
	at /home/zero/.vscode-oss/extensions/redhat.java-0.52.0/dist/extension.js:1:68849
	at Immediate.G.Y.size.setImmediate (/home/zero/.vscode-oss/extensions/redhat.java-0.52.0/dist/extension.js:1:69210)
	at runCallback (timers.js:694:18)
	at tryOnImmediate (timers.js:665:5)
	at processImmediate (timers.js:647:5)
[2019-11-04 22:23:25.181] [renderer1] [error] The request (id: 5646, method: 'textDocument/hover') has been cancelled: Error: The request (id: 5646, method: 'textDocument/hover') has been cancelled
	at /home/zero/.vscode-oss/extensions/redhat.java-0.52.0/dist/extension.js:1:68555
	at /home/zero/.vscode-oss/extensions/redhat.java-0.52.0/dist/extension.js:1:68849
	at Immediate.G.Y.size.setImmediate (/home/zero/.vscode-oss/extensions/redhat.java-0.52.0/dist/extension.js:1:69210)
	at runCallback (timers.js:694:18)
	at tryOnImmediate (timers.js:665:5)
	at processImmediate (timers.js:647:5)
[2019-11-04 22:37:22.337] [renderer1] [error] The request (id: 7219, method: 'textDocument/hover') has been cancelled: Error: The request (id: 7219, method: 'textDocument/hover') has been cancelled
	at /home/zero/.vscode-oss/extensions/redhat.java-0.52.0/dist/extension.js:1:68555
	at /home/zero/.vscode-oss/extensions/redhat.java-0.52.0/dist/extension.js:1:68849
	at Immediate.G.Y.size.setImmediate (/home/zero/.vscode-oss/extensions/redhat.java-0.52.0/dist/extension.js:1:69210)
	at runCallback (timers.js:694:18)
	at tryOnImmediate (timers.js:665:5)
	at processImmediate (timers.js:647:5)
[2019-11-04 22:37:50.480] [renderer1] [error] The request (id: 7282, method: 'textDocument/hover') has been cancelled: Error: The request (id: 7282, method: 'textDocument/hover') has been cancelled
	at /home/zero/.vscode-oss/extensions/redhat.java-0.52.0/dist/extension.js:1:68555
	at /home/zero/.vscode-oss/extensions/redhat.java-0.52.0/dist/extension.js:1:68849
	at Immediate.G.Y.size.setImmediate (/home/zero/.vscode-oss/extensions/redhat.java-0.52.0/dist/extension.js:1:69210)
	at runCallback (timers.js:694:18)
	at tryOnImmediate (timers.js:665:5)
	at processImmediate (timers.js:647:5)
[2019-11-04 22:38:01.501] [renderer1] [error] The request (id: 7291, method: 'textDocument/hover') has been cancelled: Error: The request (id: 7291, method: 'textDocument/hover') has been cancelled
	at /home/zero/.vscode-oss/extensions/redhat.java-0.52.0/dist/extension.js:1:68555
	at /home/zero/.vscode-oss/extensions/redhat.java-0.52.0/dist/extension.js:1:68849
	at Immediate.G.Y.size.setImmediate (/home/zero/.vscode-oss/extensions/redhat.java-0.52.0/dist/extension.js:1:69210)
	at runCallback (timers.js:694:18)
	at tryOnImmediate (timers.js:665:5)
	at processImmediate (timers.js:647:5)
[2019-11-04 22:41:38.125] [renderer1] [error] The request (id: 7607, method: 'textDocument/hover') has been cancelled: Error: The request (id: 7607, method: 'textDocument/hover') has been cancelled
	at /home/zero/.vscode-oss/extensions/redhat.java-0.52.0/dist/extension.js:1:68555
	at /home/zero/.vscode-oss/extensions/redhat.java-0.52.0/dist/extension.js:1:68849
	at Immediate.G.Y.size.setImmediate (/home/zero/.vscode-oss/extensions/redhat.java-0.52.0/dist/extension.js:1:69210)
	at runCallback (timers.js:694:18)
	at tryOnImmediate (timers.js:665:5)
	at processImmediate (timers.js:647:5)
[2019-11-04 22:42:34.330] [renderer1] [error] The request (id: 7638, method: 'textDocument/hover') has been cancelled: Error: The request (id: 7638, method: 'textDocument/hover') has been cancelled
	at /home/zero/.vscode-oss/extensions/redhat.java-0.52.0/dist/extension.js:1:68555
	at /home/zero/.vscode-oss/extensions/redhat.java-0.52.0/dist/extension.js:1:68849
	at Immediate.G.Y.size.setImmediate (/home/zero/.vscode-oss/extensions/redhat.java-0.52.0/dist/extension.js:1:69210)
	at runCallback (timers.js:694:18)
	at tryOnImmediate (timers.js:665:5)
	at processImmediate (timers.js:647:5)
[2019-11-04 22:42:36.667] [renderer1] [error] The request (id: 7640, method: 'textDocument/hover') has been cancelled: Error: The request (id: 7640, method: 'textDocument/hover') has been cancelled
	at /home/zero/.vscode-oss/extensions/redhat.java-0.52.0/dist/extension.js:1:68555
	at /home/zero/.vscode-oss/extensions/redhat.java-0.52.0/dist/extension.js:1:68849
	at Immediate.G.Y.size.setImmediate (/home/zero/.vscode-oss/extensions/redhat.java-0.52.0/dist/extension.js:1:69210)
	at runCallback (timers.js:694:18)
	at tryOnImmediate (timers.js:665:5)
	at processImmediate (timers.js:647:5)
[2019-11-04 22:49:55.229] [renderer1] [error] The request (id: 7948, method: 'textDocument/hover') has been cancelled: Error: The request (id: 7948, method: 'textDocument/hover') has been cancelled
	at /home/zero/.vscode-oss/extensions/redhat.java-0.52.0/dist/extension.js:1:68555
	at /home/zero/.vscode-oss/extensions/redhat.java-0.52.0/dist/extension.js:1:68849
	at Immediate.G.Y.size.setImmediate (/home/zero/.vscode-oss/extensions/redhat.java-0.52.0/dist/extension.js:1:69210)
	at runCallback (timers.js:694:18)
	at tryOnImmediate (timers.js:665:5)
	at processImmediate (timers.js:647:5)
