[2019-11-04 17:20:34.120] [sharedprocess] [info] main {"machineId":"45c8e29a772c6223a122179aab82d1cce03294ad6ec3f118be86b58f333be777","windowId":2}
[2019-11-04 17:21:04.120] [sharedprocess] [info] Installing extension: vscjava.vscode-java-debug
[2019-11-04 17:21:04.984] [sharedprocess] [info] Downloaded extension: vscjava.vscode-java-debug /tmp/cd395b15-b56a-4ab1-ad21-b7045b588407
[2019-11-04 17:21:05.067] [sharedprocess] [info] Extracted extension to /home/zero/.vscode-oss/extensions/.vscjava.vscode-java-debug-0.23.0: vscjava.vscode-java-debug
[2019-11-04 17:21:05.068] [sharedprocess] [info] Renamed to /home/zero/.vscode-oss/extensions/vscjava.vscode-java-debug-0.23.0
[2019-11-04 17:21:05.068] [sharedprocess] [info] Installation completed. vscjava.vscode-java-debug
[2019-11-04 17:21:05.184] [sharedprocess] [info] Extensions installed successfully: vscjava.vscode-java-debug
[2019-11-04 17:21:14.119] [sharedprocess] [info] Starting to clean up unused language packs.
[2019-11-04 17:22:51.466] [sharedprocess] [info] Installing extension: visualstudioexptteam.vscodeintellicode
[2019-11-04 17:22:51.867] [sharedprocess] [info] Downloaded extension: visualstudioexptteam.vscodeintellicode /tmp/ef4643f2-bb0f-4428-b958-39eca55c5544
[2019-11-04 17:22:52.112] [sharedprocess] [info] Extracted extension to /home/zero/.vscode-oss/extensions/.visualstudioexptteam.vscodeintellicode-1.2.0: visualstudioexptteam.vscodeintellicode
[2019-11-04 17:22:52.112] [sharedprocess] [info] Renamed to /home/zero/.vscode-oss/extensions/visualstudioexptteam.vscodeintellicode-1.2.0
[2019-11-04 17:22:52.113] [sharedprocess] [info] Installation completed. visualstudioexptteam.vscodeintellicode
[2019-11-04 17:22:52.156] [sharedprocess] [info] Extensions installed successfully: visualstudioexptteam.vscodeintellicode
[2019-11-04 17:23:01.628] [sharedprocess] [info] Installing extension: redhat.java
[2019-11-04 17:23:11.835] [sharedprocess] [info] Downloaded extension: redhat.java /tmp/6c68e793-bd09-4f04-a693-593e26d2d8ae
[2019-11-04 17:23:12.947] [sharedprocess] [info] Extracted extension to /home/zero/.vscode-oss/extensions/.redhat.java-0.52.0: redhat.java
[2019-11-04 17:23:12.947] [sharedprocess] [info] Renamed to /home/zero/.vscode-oss/extensions/redhat.java-0.52.0
[2019-11-04 17:23:12.948] [sharedprocess] [info] Installation completed. redhat.java
[2019-11-04 17:23:13.024] [sharedprocess] [info] Extensions installed successfully: redhat.java
